time="2024-08-07T23:15:54+03:00" level=info msg="logs/application.log is generated log file"
time="2024-08-07T23:22:03+03:00" level=info msg="logs/application.log is generated log file"
time="2024-11-12T21:59:43+02:00" level=info msg="logs/application.log is generated log file"
time="2024-11-12T22:13:55+02:00" level=info msg="logs/application.log is generated log file"
time="2024-11-12T22:15:03+02:00" level=info msg="logs/application.log is generated log file"
time="2024-11-12T22:27:07+02:00" level=info msg="logs/application.log is generated log file"
time="2024-11-12T22:33:43+02:00" level=info msg="logs/application.log is generated log file"
time="2024-11-12T22:33:50+02:00" level=debug msg="GetResources method started"
time="2024-11-12T22:33:50+02:00" level=debug msg="GetResources method ended"
time="2024-11-12T22:36:04+02:00" level=debug msg="GetResources method started"
time="2024-11-12T22:36:04+02:00" level=debug msg="GetResources method ended"
time="2024-11-12T22:36:24+02:00" level=debug msg="CreateResource method started"
time="2024-11-12T22:36:24+02:00" level=debug msg="CreateResource method ended"
time="2024-11-12T22:51:47+02:00" level=info msg="logs/application.log is generated log file"
time="2024-11-12T22:52:37+02:00" level=info msg="logs/application.log is generated log file"
time="2024-11-12T22:54:03+02:00" level=debug msg="GetResources method started"
time="2024-11-12T22:54:03+02:00" level=debug msg="GetResources method ended"
time="2024-11-12T22:54:06+02:00" level=debug msg="GetResourceByID method started"
time="2024-11-12T22:54:06+02:00" level=debug msg="GetResourceByID method ended"
time="2024-11-12T22:54:11+02:00" level=debug msg="GetResourceByID method started"
time="2024-11-12T22:54:11+02:00" level=debug msg="GetResourceByID method ended"
time="2024-11-12T22:54:41+02:00" level=debug msg="UpdateResource method started"
time="2024-11-12T22:54:41+02:00" level=debug msg="UpdateResource method ended"
time="2024-11-12T22:55:36+02:00" level=debug msg="UpdateResource method started"
time="2024-11-12T22:55:36+02:00" level=debug msg="UpdateResource method ended"
time="2024-11-12T22:56:08+02:00" level=debug msg="GetResourceByID method started"
time="2024-11-12T22:56:08+02:00" level=debug msg="GetResourceByID method ended"
time="2024-11-12T22:56:18+02:00" level=debug msg="DeleteResource method started"
time="2024-11-12T22:56:18+02:00" level=debug msg="DeleteResource method ended"
time="2024-11-12T22:56:43+02:00" level=debug msg="GetResources method started"
time="2024-11-12T22:56:43+02:00" level=debug msg="GetResources method ended"
